Added Component: Designator=P1(HDR1X3)
Add component. Clean all parameters for all variants
Add component (AddParameter): Name = "LatestRevisionDate"; Value = "17-Jul-2002"; VariantName = "[No Variations]"
Add component (AddParameter): Name = "LatestRevisionNote"; Value = "Re-released for DXP Platform."; VariantName = "[No Variations]"
Add component (AddParameter): Name = "Publisher"; Value = "Altium Limited"; VariantName = "[No Variations]"
Added Component: Designator=P2(HDR1X3)
Add component. Clean all parameters for all variants
Add component (AddParameter): Name = "LatestRevisionDate"; Value = "17-Jul-2002"; VariantName = "[No Variations]"
Add component (AddParameter): Name = "LatestRevisionNote"; Value = "Re-released for DXP Platform."; VariantName = "[No Variations]"
Add component (AddParameter): Name = "Publisher"; Value = "Altium Limited"; VariantName = "[No Variations]"
Added Net: Name=+5
Added Net: Name=+12
Added Net: Name=15+
Added Net: Name=15-
Added Net: Name=DAC A
Added Net: Name=DAC V
Added Pin To Net: NetName=GND Pin=P2-2
Added Net: Name=GND
Added Net: Name=NetB1_2
Added Net: Name=NetC3_2
Added Net: Name=NetC4_1
Added Net: Name=NetC4_2
Added Net: Name=NetC9_1
Added Net: Name=NetC9_2
Added Net: Name=NetC10_1
Added Net: Name=NetC20_1
Added Net: Name=NetC24_2
Added Net: Name=NetD1_2
Added Net: Name=NetD2_2
Added Net: Name=NetD5_1
Added Net: Name=NetD5_2
Added Net: Name=NetD6_2
Added Net: Name=NetD8_1
Added Net: Name=NetD9_1
Added Pin To Net: NetName=NetD10_1 Pin=P1-1
Added Net: Name=NetD10_1
Added Pin To Net: NetName=NetD13_1 Pin=P2-3
Added Net: Name=NetD13_1
Added Pin To Net: NetName=NetD15_1 Pin=P2-1
Added Net: Name=NetD15_1
Added Net: Name=NetIC1_3
Added Net: Name=NetIC2_3
Added Net: Name=NetIC3_2
Added Net: Name=NetIC3_3
Added Net: Name=NetIC3_6
Added Net: Name=NetIC4_2
Added Net: Name=NetIC4_3
Added Net: Name=NetIC4_6
Added Pin To Net: NetName=NetK?_1 Pin=P1-2
Added Net: Name=NetK?_1
Added Pin To Net: NetName=NetK?_6 Pin=P1-3
Added Net: Name=NetK?_6
Added Net: Name=NetQ1_1
Added Net: Name=NetQ1_3
Added Net: Name=NetQ2_2
Added Net: Name=NetQ3_2
Added Net: Name=NetQ6_2
Added Net: Name=OFF
Added Net: Name=OUT+
Added Net: Name=OUT-
Added Net: Name=SW
Added Net: Name=V+
Added Net: Name=VCC
